<?xml version="1.0" encoding="UTF-8"?>
<!-- Generated by org.testng.reporters.JUnitXMLReporter -->
<testsuite ignored="0" hostname="QLDBRISLP18" failures="0" tests="3" name="Default test" time="7.591" errors="0" timestamp="14 Jul. 2019 12:07:34 GMT">
  <testcase classname="cucumber.api.testng.AbstractTestNGCucumberTests" name="feature" time="1.168"/>
  <testcase classname="cucumber.api.testng.AbstractTestNGCucumberTests" name="feature" time="3.672"/>
  <testcase classname="cucumber.api.testng.AbstractTestNGCucumberTests" name="feature" time="2.167"/>
</testsuite> <!-- Default test -->
